0 info it worked if it ends with ok
1 verbose cli [ '/Users/jpk/.nvm/versions/node/v7.2.0/bin/node',
1 verbose cli   '/Users/jpk/.nvm/versions/node/v7.2.0/bin/npm',
1 verbose cli   'run',
1 verbose cli   'coveralls' ]
2 info using npm@3.10.9
3 info using node@v7.2.0
4 verbose run-script [ 'precoveralls', 'coveralls', 'postcoveralls' ]
5 info lifecycle streamer@0.1.10~precoveralls: streamer@0.1.10
6 silly lifecycle streamer@0.1.10~precoveralls: no script for precoveralls, continuing
7 info lifecycle streamer@0.1.10~coveralls: streamer@0.1.10
8 verbose lifecycle streamer@0.1.10~coveralls: unsafe-perm in lifecycle true
9 verbose lifecycle streamer@0.1.10~coveralls: PATH: /Users/jpk/.nvm/versions/node/v7.2.0/lib/node_modules/npm/bin/node-gyp-bin:/Users/jpk/dev/streamer/node_modules/.bin:/Users/jpk/.nvm/versions/node/v7.2.0/bin:/Users/jpk/dev/activator:/Users/jpk/dev/DynaSpeak/platforms/osx10_9-x86_64/bin:/Users/jpk/google-cloud-sdk/bin:/usr/local/git/bin:/usr/local/bin:/usr/bin:/bin:/usr/sbin:/sbin:/usr/local/git/bin:/usr/local/MacGPG2/bin:/Users/jpk/dev/gradle/bin:/usr/local/mysql/bin:/Users/jpk/dev/play-2.2.3:/Users/jpk/dev/activator:/Users/jpk/dev/mvn/bin:/Users/jpk/dev/.nvm:/Users/jpk/bspk/sox
10 verbose lifecycle streamer@0.1.10~coveralls: CWD: /Users/jpk/dev/streamer
11 silly lifecycle streamer@0.1.10~coveralls: Args: [ '-c', 'npm run coverage && coveralls < coverage/lcov.info' ]
12 silly lifecycle streamer@0.1.10~coveralls: Returned: code: 1  signal: null
13 info lifecycle streamer@0.1.10~coveralls: Failed to exec coveralls script
14 verbose stack Error: streamer@0.1.10 coveralls: `npm run coverage && coveralls < coverage/lcov.info`
14 verbose stack Exit status 1
14 verbose stack     at EventEmitter.<anonymous> (/Users/jpk/.nvm/versions/node/v7.2.0/lib/node_modules/npm/lib/utils/lifecycle.js:255:16)
14 verbose stack     at emitTwo (events.js:106:13)
14 verbose stack     at EventEmitter.emit (events.js:191:7)
14 verbose stack     at ChildProcess.<anonymous> (/Users/jpk/.nvm/versions/node/v7.2.0/lib/node_modules/npm/lib/utils/spawn.js:40:14)
14 verbose stack     at emitTwo (events.js:106:13)
14 verbose stack     at ChildProcess.emit (events.js:191:7)
14 verbose stack     at maybeClose (internal/child_process.js:885:16)
14 verbose stack     at Process.ChildProcess._handle.onexit (internal/child_process.js:226:5)
15 verbose pkgid streamer@0.1.10
16 verbose cwd /Users/jpk/dev/streamer
17 error Darwin 15.6.0
18 error argv "/Users/jpk/.nvm/versions/node/v7.2.0/bin/node" "/Users/jpk/.nvm/versions/node/v7.2.0/bin/npm" "run" "coveralls"
19 error node v7.2.0
20 error npm  v3.10.9
21 error code ELIFECYCLE
22 error streamer@0.1.10 coveralls: `npm run coverage && coveralls < coverage/lcov.info`
22 error Exit status 1
23 error Failed at the streamer@0.1.10 coveralls script 'npm run coverage && coveralls < coverage/lcov.info'.
23 error Make sure you have the latest version of node.js and npm installed.
23 error If you do, this is most likely a problem with the streamer package,
23 error not with npm itself.
23 error Tell the author that this fails on your system:
23 error     npm run coverage && coveralls < coverage/lcov.info
23 error You can get information on how to open an issue for this project with:
23 error     npm bugs streamer
23 error Or if that isn't available, you can get their info via:
23 error     npm owner ls streamer
23 error There is likely additional logging output above.
24 verbose exit [ 1, true ]
